In file included from [01m[K/home/synaaa/object_detection_test/build/yolov8_def/rosidl_generator_c/yolov8_def/msg/detail/yolo_raw_info__functions.h:19[m[K,
                 from [01m[K/home/synaaa/object_detection_test/build/yolov8_def/rosidl_generator_c/yolov8_def/msg/detail/yolo_raw_info__functions.c:4[m[K:
[01m[K/home/synaaa/object_detection_test/build/yolov8_def/rosidl_generator_c/yolov8_def/msg/detail/yolo_raw_info__struct.h:24:10:[m[K [01;31m[Kfatal error: [m[Kyolov8_def/msg/detail/inference_result__struct.h: No such file or directory
   24 | #include [01;31m[K"yolov8_def/msg/detail/inference_result__struct.h"[m[K
      |          [01;31m[K^~~~~~~~~~~~~~~~~~~~~~~~~~~~~~~~~~~~~~~~~~~~~~~~~~[m[K
compilation terminated.
gmake[2]: *** [CMakeFiles/yolov8_def__rosidl_generator_c.dir/build.make:183: CMakeFiles/yolov8_def__rosidl_generator_c.dir/rosidl_generator_c/yolov8_def/msg/detail/yolo_raw_info__functions.c.o] Error 1
gmake[2]: *** Waiting for unfinished jobs....
gmake[1]: *** [CMakeFiles/Makefile2:213: CMakeFiles/yolov8_def__rosidl_generator_c.dir/all] Error 2
gmake[1]: *** Waiting for unfinished jobs....
In file included from [01m[K/home/synaaa/object_detection_test/build/yolov8_def/rosidl_typesupport_cpp/yolov8_def/msg/yolo_raw_info__type_support.cpp:7[m[K:
[01m[K/home/synaaa/object_detection_test/build/yolov8_def/rosidl_generator_cpp/yolov8_def/msg/detail/yolo_raw_info__struct.hpp:22:10:[m[K [01;31m[Kfatal error: [m[Kyolov8_def/msg/detail/inference_result__struct.hpp: No such file or directory
   22 | #include [01;31m[K"yolov8_def/msg/detail/inference_result__struct.hpp"[m[K
      |          [01;31m[K^~~~~~~~~~~~~~~~~~~~~~~~~~~~~~~~~~~~~~~~~~~~~~~~~~~~[m[K
compilation terminated.
gmake[2]: *** [CMakeFiles/yolov8_def__rosidl_typesupport_cpp.dir/build.make:140: CMakeFiles/yolov8_def__rosidl_typesupport_cpp.dir/rosidl_typesupport_cpp/yolov8_def/msg/yolo_raw_info__type_support.cpp.o] Error 1
gmake[2]: *** Waiting for unfinished jobs....
In file included from [01m[K/home/synaaa/object_detection_test/build/yolov8_def/rosidl_typesupport_introspection_cpp/yolov8_def/msg/detail/yolo_raw_info__type_support.cpp:12[m[K:
[01m[K/home/synaaa/object_detection_test/build/yolov8_def/rosidl_generator_cpp/yolov8_def/msg/detail/yolo_raw_info__struct.hpp:22:10:[m[K [01;31m[Kfatal error: [m[Kyolov8_def/msg/detail/inference_result__struct.hpp: No such file or directory
   22 | #include [01;31m[K"yolov8_def/msg/detail/inference_result__struct.hpp"[m[K
      |          [01;31m[K^~~~~~~~~~~~~~~~~~~~~~~~~~~~~~~~~~~~~~~~~~~~~~~~~~~~[m[K
compilation terminated.
In file included from [01m[K/home/synaaa/object_detection_test/build/yolov8_def/rosidl_typesupport_fastrtps_cpp/yolov8_def/msg/detail/yolo_raw_info__rosidl_typesupport_fastrtps_cpp.hpp:11[m[K,
                 from [01m[K/home/synaaa/object_detection_test/build/yolov8_def/rosidl_typesupport_fastrtps_cpp/yolov8_def/msg/detail/dds_fastrtps/yolo_raw_info__type_support.cpp:4[m[K:
[01m[K/home/synaaa/object_detection_test/build/yolov8_def/rosidl_generator_cpp/yolov8_def/msg/detail/yolo_raw_info__struct.hpp:22:10:[m[K [01;31m[Kfatal error: [m[Kyolov8_def/msg/detail/inference_result__struct.hpp: No such file or directory
   22 | #include [01;31m[K"yolov8_def/msg/detail/inference_result__struct.hpp"[m[K
      |          [01;31m[K^~~~~~~~~~~~~~~~~~~~~~~~~~~~~~~~~~~~~~~~~~~~~~~~~~~~[m[K
compilation terminated.
gmake[2]: *** [CMakeFiles/yolov8_def__rosidl_typesupport_fastrtps_cpp.dir/build.make:151: CMakeFiles/yolov8_def__rosidl_typesupport_fastrtps_cpp.dir/rosidl_typesupport_fastrtps_cpp/yolov8_def/msg/detail/dds_fastrtps/yolo_raw_info__type_support.cpp.o] Error 1
gmake[2]: *** Waiting for unfinished jobs....
gmake[2]: *** [CMakeFiles/yolov8_def__rosidl_typesupport_introspection_cpp.dir/build.make:151: CMakeFiles/yolov8_def__rosidl_typesupport_introspection_cpp.dir/rosidl_typesupport_introspection_cpp/yolov8_def/msg/detail/yolo_raw_info__type_support.cpp.o] Error 1
gmake[2]: *** Waiting for unfinished jobs....
gmake[1]: *** [CMakeFiles/Makefile2:395: CMakeFiles/yolov8_def__rosidl_typesupport_cpp.dir/all] Error 2
gmake[1]: *** [CMakeFiles/Makefile2:369: CMakeFiles/yolov8_def__rosidl_typesupport_introspection_cpp.dir/all] Error 2
gmake[1]: *** [CMakeFiles/Makefile2:291: CMakeFiles/yolov8_def__rosidl_typesupport_fastrtps_cpp.dir/all] Error 2
gmake: *** [Makefile:146: all] Error 2
